#
# There is insufficient memory for the Java Runtime Environment to continue.
# Native memory allocation (mmap) failed to map 716177408 bytes for committing reserved memory.
# Possible reasons:
#   The system is out of physical RAM or swap space
#   In 32 bit mode, the process size limit was hit
# Possible solutions:
#   Reduce memory load on the system
#   Increase physical memory or swap space
#   Check if swap backing store is full
#   Use 64 bit Java on a 64 bit OS
#   Decrease Java heap size (-Xmx/-Xms)
#   Decrease number of Java threads
#   Decrease Java thread stack sizes (-Xss)
#   Set larger code cache with -XX:ReservedCodeCacheSize=
# This output file may be truncated or incomplete.
#
#  Out of Memory Error (os_linux.cpp:2673), pid=29127, tid=139820717381376
#
# JRE version:  (8.0_45-b14) (build )
# Java VM: Java HotSpot(TM) 64-Bit Server VM (25.45-b02 mixed mode linux-amd64 compressed oops)
# Failed to write core dump. Core dumps have been disabled. To enable core dumping, try "ulimit -c unlimited" before starting Java again
#

---------------  T H R E A D  ---------------

Current thread (0x00007f2a8400a000):  JavaThread "Unknown thread" [_thread_in_vm, id=29128, stack(0x00007f2a8c211000,0x00007f2a8c312000)]

Stack: [0x00007f2a8c211000,0x00007f2a8c312000],  sp=0x00007f2a8c310370,  free space=1020k
Native frames: (J=compiled Java code, j=interpreted, Vv=VM code, C=native code)
V  [libjvm.so+0xaac99a]  VMError::report_and_die()+0x2ba
V  [libjvm.so+0x4f333b]  report_vm_out_of_memory(char const*, int, unsigned long, VMErrorType, char const*)+0x8b
V  [libjvm.so+0x90e7c3]  os::Linux::commit_memory_impl(char*, unsigned long, bool)+0x103
V  [libjvm.so+0x90ed19]  os::pd_commit_memory(char*, unsigned long, unsigned long, bool)+0x29
V  [libjvm.so+0x90867a]  os::commit_memory(char*, unsigned long, unsigned long, bool)+0x2a
V  [libjvm.so+0x97bac3]  PSVirtualSpace::expand_by(unsigned long)+0x53
V  [libjvm.so+0x96bb77]  PSOldGen::initialize(ReservedSpace, unsigned long, char const*, int)+0xb7
V  [libjvm.so+0x2d4cda]  AdjoiningGenerations::AdjoiningGenerations(ReservedSpace, GenerationSizer*, unsigned long)+0x39a
V  [libjvm.so+0x931716]  ParallelScavengeHeap::initialize()+0x1d6
V  [libjvm.so+0xa75aab]  Universe::initialize_heap()+0xfb
V  [libjvm.so+0xa75e1e]  universe_init()+0x3e
V  [libjvm.so+0x62f635]  init_globals()+0x65
V  [libjvm.so+0xa5a02e]  Threads::create_vm(JavaVMInitArgs*, bool*)+0x23e
V  [libjvm.so+0x6c3244]  JNI_CreateJavaVM+0x74
C  [libjli.so+0x745e]  JavaMain+0x9e
C  [libpthread.so.0+0x8182]  start_thread+0xc2


---------------  P R O C E S S  ---------------

Java Threads: ( => current thread )

Other Threads:

=>0x00007f2a8400a000 (exited) JavaThread "Unknown thread" [_thread_in_vm, id=29128, stack(0x00007f2a8c211000,0x00007f2a8c312000)]

VM state:not at safepoint (not fully initialized)

VM Mutex/Monitor currently owned by a thread: None

GC Heap History (0 events):
No events

Deoptimization events (0 events):
No events

Internal exceptions (0 events):
No events

Events (0 events):
No events


Dynamic libraries:
00400000-00401000 r-xp 00000000 08:01 1380545                            /usr/lib/jvm/java-8-oracle/jre/bin/java
00600000-00601000 rw-p 00000000 08:01 1380545                            /usr/lib/jvm/java-8-oracle/jre/bin/java
0083c000-0085d000 rw-p 00000000 00:00 0                                  [heap]
eab00000-100000000 rw-p 00000000 00:00 0 
7f2a7c000000-7f2a7c270000 rwxp 00000000 00:00 0 
7f2a7c270000-7f2a84000000 ---p 00000000 00:00 0 
7f2a84000000-7f2a84032000 rw-p 00000000 00:00 0 
7f2a84032000-7f2a88000000 ---p 00000000 00:00 0 
7f2a88d2a000-7f2a88fae000 rw-p 00000000 00:00 0 
7f2a88fae000-7f2a89103000 ---p 00000000 00:00 0 
7f2a89103000-7f2a891b9000 rw-p 00000000 00:00 0 
7f2a891b9000-7f2a893af000 ---p 00000000 00:00 0 
7f2a893af000-7f2a893c9000 r-xp 00000000 08:01 1380358                    /usr/lib/jvm/java-8-oracle/jre/lib/amd64/libzip.so
7f2a893c9000-7f2a895c9000 ---p 0001a000 08:01 1380358                    /usr/lib/jvm/java-8-oracle/jre/lib/amd64/libzip.so
7f2a895c9000-7f2a895ca000 rw-p 0001a000 08:01 1380358                    /usr/lib/jvm/java-8-oracle/jre/lib/amd64/libzip.so
7f2a895ca000-7f2a895d5000 r-xp 00000000 08:01 1046619                    /lib/x86_64-linux-gnu/libnss_files-2.19.so
7f2a895d5000-7f2a897d4000 ---p 0000b000 08:01 1046619                    /lib/x86_64-linux-gnu/libnss_files-2.19.so
7f2a897d4000-7f2a897d5000 r--p 0000a000 08:01 1046619                    /lib/x86_64-linux-gnu/libnss_files-2.19.so
7f2a897d5000-7f2a897d6000 rw-p 0000b000 08:01 1046619                    /lib/x86_64-linux-gnu/libnss_files-2.19.so
7f2a897d6000-7f2a897e1000 r-xp 00000000 08:01 1050897                    /lib/x86_64-linux-gnu/libnss_nis-2.19.so
7f2a897e1000-7f2a899e0000 ---p 0000b000 08:01 1050897                    /lib/x86_64-linux-gnu/libnss_nis-2.19.so
7f2a899e0000-7f2a899e1000 r--p 0000a000 08:01 1050897                    /lib/x86_64-linux-gnu/libnss_nis-2.19.so
7f2a899e1000-7f2a899e2000 rw-p 0000b000 08:01 1050897                    /lib/x86_64-linux-gnu/libnss_nis-2.19.so
7f2a899e2000-7f2a899f9000 r-xp 00000000 08:01 1046628                    /lib/x86_64-linux-gnu/libnsl-2.19.so
7f2a899f9000-7f2a89bf8000 ---p 00017000 08:01 1046628                    /lib/x86_64-linux-gnu/libnsl-2.19.so
7f2a89bf8000-7f2a89bf9000 r--p 00016000 08:01 1046628                    /lib/x86_64-linux-gnu/libnsl-2.19.so
7f2a89bf9000-7f2a89bfa000 rw-p 00017000 08:01 1046628                    /lib/x86_64-linux-gnu/libnsl-2.19.so
7f2a89bfa000-7f2a89bfc000 rw-p 00000000 00:00 0 
7f2a89bfc000-7f2a89c05000 r-xp 00000000 08:01 1046627                    /lib/x86_64-linux-gnu/libnss_compat-2.19.so
7f2a89c05000-7f2a89e04000 ---p 00009000 08:01 1046627                    /lib/x86_64-linux-gnu/libnss_compat-2.19.so
7f2a89e04000-7f2a89e05000 r--p 00008000 08:01 1046627                    /lib/x86_64-linux-gnu/libnss_compat-2.19.so
7f2a89e05000-7f2a89e06000 rw-p 00009000 08:01 1046627                    /lib/x86_64-linux-gnu/libnss_compat-2.19.so
7f2a89e06000-7f2a89e30000 r-xp 00000000 08:01 1380354                    /usr/lib/jvm/java-8-oracle/jre/lib/amd64/libjava.so
7f2a89e30000-7f2a8a030000 ---p 0002a000 08:01 1380354                    /usr/lib/jvm/java-8-oracle/jre/lib/amd64/libjava.so
7f2a8a030000-7f2a8a032000 rw-p 0002a000 08:01 1380354                    /usr/lib/jvm/java-8-oracle/jre/lib/amd64/libjava.so
7f2a8a032000-7f2a8a03f000 r-xp 00000000 08:01 1380304                    /usr/lib/jvm/java-8-oracle/jre/lib/amd64/libverify.so
7f2a8a03f000-7f2a8a23f000 ---p 0000d000 08:01 1380304                    /usr/lib/jvm/java-8-oracle/jre/lib/amd64/libverify.so
7f2a8a23f000-7f2a8a241000 rw-p 0000d000 08:01 1380304                    /usr/lib/jvm/java-8-oracle/jre/lib/amd64/libverify.so
7f2a8a241000-7f2a8a248000 r-xp 00000000 08:01 1050782                    /lib/x86_64-linux-gnu/librt-2.19.so
7f2a8a248000-7f2a8a447000 ---p 00007000 08:01 1050782                    /lib/x86_64-linux-gnu/librt-2.19.so
7f2a8a447000-7f2a8a448000 r--p 00006000 08:01 1050782                    /lib/x86_64-linux-gnu/librt-2.19.so
7f2a8a448000-7f2a8a449000 rw-p 00007000 08:01 1050782                    /lib/x86_64-linux-gnu/librt-2.19.so
7f2a8a449000-7f2a8a54e000 r-xp 00000000 08:01 1046618                    /lib/x86_64-linux-gnu/libm-2.19.so
7f2a8a54e000-7f2a8a74d000 ---p 00105000 08:01 1046618                    /lib/x86_64-linux-gnu/libm-2.19.so
7f2a8a74d000-7f2a8a74e000 r--p 00104000 08:01 1046618                    /lib/x86_64-linux-gnu/libm-2.19.so
7f2a8a74e000-7f2a8a74f000 rw-p 00105000 08:01 1046618                    /lib/x86_64-linux-gnu/libm-2.19.so
7f2a8a74f000-7f2a8b3fd000 r-xp 00000000 08:01 1380348                    /usr/lib/jvm/java-8-oracle/jre/lib/amd64/server/libjvm.so
7f2a8b3fd000-7f2a8b5fc000 ---p 00cae000 08:01 1380348                    /usr/lib/jvm/java-8-oracle/jre/lib/amd64/server/libjvm.so
7f2a8b5fc000-7f2a8b6d3000 rw-p 00cad000 08:01 1380348                    /usr/lib/jvm/java-8-oracle/jre/lib/amd64/server/libjvm.so
7f2a8b6d3000-7f2a8b717000 rw-p 00000000 00:00 0 
7f2a8b717000-7f2a8b8d2000 r-xp 00000000 08:01 1046633                    /lib/x86_64-linux-gnu/libc-2.19.so
7f2a8b8d2000-7f2a8bad1000 ---p 001bb000 08:01 1046633                    /lib/x86_64-linux-gnu/libc-2.19.so
7f2a8bad1000-7f2a8bad5000 r--p 001ba000 08:01 1046633                    /lib/x86_64-linux-gnu/libc-2.19.so
7f2a8bad5000-7f2a8bad7000 rw-p 001be000 08:01 1046633                    /lib/x86_64-linux-gnu/libc-2.19.so
7f2a8bad7000-7f2a8badc000 rw-p 00000000 00:00 0 
7f2a8badc000-7f2a8badf000 r-xp 00000000 08:01 1046622                    /lib/x86_64-linux-gnu/libdl-2.19.so
7f2a8badf000-7f2a8bcde000 ---p 00003000 08:01 1046622                    /lib/x86_64-linux-gnu/libdl-2.19.so
7f2a8bcde000-7f2a8bcdf000 r--p 00002000 08:01 1046622                    /lib/x86_64-linux-gnu/libdl-2.19.so
7f2a8bcdf000-7f2a8bce0000 rw-p 00003000 08:01 1046622                    /lib/x86_64-linux-gnu/libdl-2.19.so
7f2a8bce0000-7f2a8bcf5000 r-xp 00000000 08:01 1380328                    /usr/lib/jvm/java-8-oracle/jre/lib/amd64/jli/libjli.so
7f2a8bcf5000-7f2a8bef5000 ---p 00015000 08:01 1380328                    /usr/lib/jvm/java-8-oracle/jre/lib/amd64/jli/libjli.so
7f2a8bef5000-7f2a8bef6000 rw-p 00015000 08:01 1380328                    /usr/lib/jvm/java-8-oracle/jre/lib/amd64/jli/libjli.so
7f2a8bef6000-7f2a8bf0f000 r-xp 00000000 08:01 1050682                    /lib/x86_64-linux-gnu/libpthread-2.19.so
7f2a8bf0f000-7f2a8c10e000 ---p 00019000 08:01 1050682                    /lib/x86_64-linux-gnu/libpthread-2.19.so
7f2a8c10e000-7f2a8c10f000 r--p 00018000 08:01 1050682                    /lib/x86_64-linux-gnu/libpthread-2.19.so
7f2a8c10f000-7f2a8c110000 rw-p 00019000 08:01 1050682                    /lib/x86_64-linux-gnu/libpthread-2.19.so
7f2a8c110000-7f2a8c114000 rw-p 00000000 00:00 0 
7f2a8c114000-7f2a8c137000 r-xp 00000000 08:01 1046630                    /lib/x86_64-linux-gnu/ld-2.19.so
7f2a8c211000-7f2a8c214000 ---p 00000000 00:00 0 
7f2a8c214000-7f2a8c316000 rw-p 00000000 00:00 0                          [stack:29128]
7f2a8c327000-7f2a8c32a000 rw-p 00000000 00:00 0 
7f2a8c32a000-7f2a8c332000 rw-s 00000000 08:01 392608                     /tmp/hsperfdata_alina/29127
7f2a8c332000-7f2a8c333000 rw-p 00000000 00:00 0 
7f2a8c333000-7f2a8c334000 r--p 00000000 00:00 0 
7f2a8c334000-7f2a8c336000 rw-p 00000000 00:00 0 
7f2a8c336000-7f2a8c337000 r--p 00022000 08:01 1046630                    /lib/x86_64-linux-gnu/ld-2.19.so
7f2a8c337000-7f2a8c338000 rw-p 00023000 08:01 1046630                    /lib/x86_64-linux-gnu/ld-2.19.so
7f2a8c338000-7f2a8c339000 rw-p 00000000 00:00 0 
7ffdc41df000-7ffdc4201000 rw-p 00000000 00:00 0                          [stack]
7ffdc43ae000-7ffdc43b0000 r-xp 00000000 00:00 0                          [vdso]
ffffffffff600000-ffffffffff601000 r-xp 00000000 00:00 0                  [vsyscall]

VM Arguments:
jvm_args: -Xms1024m -Xmx1024m -XX:MaxPermSize=256m -XX:ReservedCodeCacheSize=128m 
java_command: /home/alina/programms/sbt/bin/sbt-launch.jar compile
java_class_path (initial): /home/alina/programms/sbt/bin/sbt-launch.jar
Launcher Type: SUN_STANDARD

Environment Variables:
JAVA_HOME=/usr/lib/jvm/java-7-openjdk-amd64
CLASSPATH=/home/alina/programms/idea-IU-139.1117.1/bin/../lib/bootstrap.jar:/home/alina/programms/idea-IU-139.1117.1/bin/../lib/extensions.jar:/home/alina/programms/idea-IU-139.1117.1/bin/../lib/util.jar:/home/alina/programms/idea-IU-139.1117.1/bin/../lib/jdom.jar:/home/alina/programms/idea-IU-139.1117.1/bin/../lib/log4j.jar:/home/alina/programms/idea-IU-139.1117.1/bin/../lib/trove4j.jar:/home/alina/programms/idea-IU-139.1117.1/bin/../lib/jna.jar:/usr/lib/jvm/java-7-openjdk-amd64/lib/tools.jar
PATH=/home/alina/programms/sbt/bin:/home/alina/programms/sbt/bin:/usr/local/sbin:/usr/local/bin:/usr/sbin:/usr/bin:/sbin:/bin:/usr/games:/usr/local/games:/usr/local/hadoop/bin:/usr/local/hadoop/sbin:/usr/lib/pig/pig-0.14.0/bin:/usr/local/hadoop/bin:/usr/local/hadoop/sbin:/usr/lib/pig/pig-0.14.0/bin
LD_LIBRARY_PATH=/home/alina/programms/idea-IU-139.1117.1/bin:
SHELL=/bin/bash
DISPLAY=:0

Signal Handlers:
SIGSEGV: [libjvm.so+0xaad1e0], sa_mask[0]=11111111011111111101111111111110, sa_flags=SA_RESTART|SA_SIGINFO
SIGBUS: [libjvm.so+0xaad1e0], sa_mask[0]=11111111011111111101111111111110, sa_flags=SA_RESTART|SA_SIGINFO
SIGFPE: [libjvm.so+0x90b450], sa_mask[0]=11111111011111111101111111111110, sa_flags=SA_RESTART|SA_SIGINFO
SIGPIPE: [libjvm.so+0x90b450], sa_mask[0]=11111111011111111101111111111110, sa_flags=SA_RESTART|SA_SIGINFO
SIGXFSZ: [libjvm.so+0x90b450], sa_mask[0]=11111111011111111101111111111110, sa_flags=SA_RESTART|SA_SIGINFO
SIGILL: [libjvm.so+0x90b450], sa_mask[0]=11111111011111111101111111111110, sa_flags=SA_RESTART|SA_SIGINFO
SIGUSR1: SIG_DFL, sa_mask[0]=00000000000000000000000000000000, sa_flags=none
SIGUSR2: [libjvm.so+0x90ca90], sa_mask[0]=00100000000000000000000000000000, sa_flags=SA_RESTART|SA_SIGINFO
SIGHUP: SIG_DFL, sa_mask[0]=00000000000000000000000000000000, sa_flags=none
SIGINT: SIG_DFL, sa_mask[0]=00000000000000000000000000000000, sa_flags=none
SIGTERM: SIG_DFL, sa_mask[0]=00000000000000000000000000000000, sa_flags=none
SIGQUIT: SIG_DFL, sa_mask[0]=00000000000000000000000000000000, sa_flags=none


---------------  S Y S T E M  ---------------

OS:DISTRIB_ID=Ubuntu
DISTRIB_RELEASE=14.04
DISTRIB_CODENAME=trusty
DISTRIB_DESCRIPTION="Ubuntu 14.04.2 LTS"

uname:Linux 3.13.0-55-generic #94-Ubuntu SMP Thu Jun 18 00:27:10 UTC 2015 x86_64
libc:glibc 2.19 NPTL 2.19 
rlimit: STACK 8192k, CORE 0k, NPROC 31015, NOFILE 4096, AS infinity
load average:3.25 1.28 0.77

/proc/meminfo:
MemTotal:        3991596 kB
MemFree:          120104 kB
Buffers:            2432 kB
Cached:           736168 kB
SwapCached:        14208 kB
Active:          2640580 kB
Inactive:         976776 kB
Active(anon):    2614616 kB
Inactive(anon):   926984 kB
Active(file):      25964 kB
Inactive(file):    49792 kB
Unevictable:         456 kB
Mlocked:             456 kB
SwapTotal:       3905532 kB
SwapFree:         552416 kB
Dirty:               284 kB
Writeback:             0 kB
AnonPages:       2869756 kB
Mapped:           464724 kB
Shmem:            662364 kB
Slab:              93176 kB
SReclaimable:      41976 kB
SUnreclaim:        51200 kB
KernelStack:       10176 kB
PageTables:        81040 kB
NFS_Unstable:          0 kB
Bounce:                0 kB
WritebackTmp:          0 kB
CommitLimit:     5901328 kB
Committed_AS:   16971620 kB
VmallocTotal:   34359738367 kB
VmallocUsed:      545784 kB
VmallocChunk:   34359181356 kB
HardwareCorrupted:     0 kB
AnonHugePages:    466944 kB
HugePages_Total:       0
HugePages_Free:        0
HugePages_Rsvd:        0
HugePages_Surp:        0
Hugepagesize:       2048 kB
DirectMap4k:       89932 kB
DirectMap2M:     4048896 kB


CPU:total 4 (2 cores per cpu, 2 threads per core) family 6 model 42 stepping 7, cmov, cx8, fxsr, mmx, sse, sse2, sse3, ssse3, sse4.1, sse4.2, popcnt, avx, aes, clmul, ht, tsc, tscinvbit

/proc/cpuinfo:
processor	: 0
vendor_id	: GenuineIntel
cpu family	: 6
model		: 42
model name	: Intel(R) Core(TM) i5-2467M CPU @ 1.60GHz
stepping	: 7
microcode	: 0x25
cpu MHz		: 1600.000
cache size	: 3072 KB
physical id	: 0
siblings	: 4
core id		: 0
cpu cores	: 2
apicid		: 0
initial apicid	: 0
fpu		: yes
fpu_exception	: yes
cpuid level	: 13
wp		: yes
flags		: fpu vme de pse tsc msr pae mce cx8 apic sep mtrr pge mca cmov pat pse36 clflush dts acpi mmx fxsr sse sse2 ss ht tm pbe syscall nx rdtscp lm constant_tsc arch_perfmon pebs bts rep_good nopl xtopology nonstop_tsc aperfmperf eagerfpu pni pclmulqdq dtes64 monitor ds_cpl vmx est tm2 ssse3 cx16 xtpr pdcm pcid sse4_1 sse4_2 x2apic popcnt tsc_deadline_timer aes xsave avx lahf_lm ida arat epb xsaveopt pln pts dtherm tpr_shadow vnmi flexpriority ept vpid
bogomips	: 3192.58
clflush size	: 64
cache_alignment	: 64
address sizes	: 36 bits physical, 48 bits virtual
power management:

processor	: 1
vendor_id	: GenuineIntel
cpu family	: 6
model		: 42
model name	: Intel(R) Core(TM) i5-2467M CPU @ 1.60GHz
stepping	: 7
microcode	: 0x25
cpu MHz		: 1600.000
cache size	: 3072 KB
physical id	: 0
siblings	: 4
core id		: 0
cpu cores	: 2
apicid		: 1
initial apicid	: 1
fpu		: yes
fpu_exception	: yes
cpuid level	: 13
wp		: yes
flags		: fpu vme de pse tsc msr pae mce cx8 apic sep mtrr pge mca cmov pat pse36 clflush dts acpi mmx fxsr sse sse2 ss ht tm pbe syscall nx rdtscp lm constant_tsc arch_perfmon pebs bts rep_good nopl xtopology nonstop_tsc aperfmperf eagerfpu pni pclmulqdq dtes64 monitor ds_cpl vmx est tm2 ssse3 cx16 xtpr pdcm pcid sse4_1 sse4_2 x2apic popcnt tsc_deadline_timer aes xsave avx lahf_lm ida arat epb xsaveopt pln pts dtherm tpr_shadow vnmi flexpriority ept vpid
bogomips	: 3192.58
clflush size	: 64
cache_alignment	: 64
address sizes	: 36 bits physical, 48 bits virtual
power management:

processor	: 2
vendor_id	: GenuineIntel
cpu family	: 6
model		: 42
model name	: Intel(R) Core(TM) i5-2467M CPU @ 1.60GHz
stepping	: 7
microcode	: 0x25
cpu MHz		: 1600.000
cache size	: 3072 KB
physical id	: 0
siblings	: 4
core id		: 1
cpu cores	: 2
apicid		: 2
initial apicid	: 2
fpu		: yes
fpu_exception	: yes
cpuid level	: 13
wp		: yes
flags		: fpu vme de pse tsc msr pae mce cx8 apic sep mtrr pge mca cmov pat pse36 clflush dts acpi mmx fxsr sse sse2 ss ht tm pbe syscall nx rdtscp lm constant_tsc arch_perfmon pebs bts rep_good nopl xtopology nonstop_tsc aperfmperf eagerfpu pni pclmulqdq dtes64 monitor ds_cpl vmx est tm2 ssse3 cx16 xtpr pdcm pcid sse4_1 sse4_2 x2apic popcnt tsc_deadline_timer aes xsave avx lahf_lm ida arat epb xsaveopt pln pts dtherm tpr_shadow vnmi flexpriority ept vpid
bogomips	: 3192.58
clflush size	: 64
cache_alignment	: 64
address sizes	: 36 bits physical, 48 bits virtual
power management:

processor	: 3
vendor_id	: GenuineIntel
cpu family	: 6
model		: 42
model name	: Intel(R) Core(TM) i5-2467M CPU @ 1.60GHz
stepping	: 7
microcode	: 0x25
cpu MHz		: 1600.000
cache size	: 3072 KB
physical id	: 0
siblings	: 4
core id		: 1
cpu cores	: 2
apicid		: 3
initial apicid	: 3
fpu		: yes
fpu_exception	: yes
cpuid level	: 13
wp		: yes
flags		: fpu vme de pse tsc msr pae mce cx8 apic sep mtrr pge mca cmov pat pse36 clflush dts acpi mmx fxsr sse sse2 ss ht tm pbe syscall nx rdtscp lm constant_tsc arch_perfmon pebs bts rep_good nopl xtopology nonstop_tsc aperfmperf eagerfpu pni pclmulqdq dtes64 monitor ds_cpl vmx est tm2 ssse3 cx16 xtpr pdcm pcid sse4_1 sse4_2 x2apic popcnt tsc_deadline_timer aes xsave avx lahf_lm ida arat epb xsaveopt pln pts dtherm tpr_shadow vnmi flexpriority ept vpid
bogomips	: 3192.58
clflush size	: 64
cache_alignment	: 64
address sizes	: 36 bits physical, 48 bits virtual
power management:



Memory: 4k page, physical 3991596k(120104k free), swap 3905532k(552416k free)

vm_info: Java HotSpot(TM) 64-Bit Server VM (25.45-b02) for linux-amd64 JRE (1.8.0_45-b14), built on Apr 10 2015 10:07:45 by "java_re" with gcc 4.3.0 20080428 (Red Hat 4.3.0-8)

time: Sun Jun 28 15:55:29 2015
elapsed time: 0 seconds (0d 0h 0m 0s)

